

Started GET "/" for ::1 at 2016-04-07 17:30:40 +0900
Processing by Rails::WelcomeController#index as HTML
  Rendered /Users/ktadano/.rbenv/versions/2.3.0/lib/ruby/gems/2.3.0/gems/railties-4.2.2/lib/rails/templates/rails/welcome/index.html.erb (2.6ms)
Completed 200 OK in 25ms (Views: 15.4ms | ActiveRecord: 0.0ms)


Started GET "/" for ::1 at 2016-04-07 17:31:20 +0900
Processing by Rails::WelcomeController#index as HTML
  Rendered /Users/ktadano/.rbenv/versions/2.3.0/lib/ruby/gems/2.3.0/gems/railties-4.2.2/lib/rails/templates/rails/welcome/index.html.erb (1.8ms)
Completed 200 OK in 19ms (Views: 9.7ms | ActiveRecord: 0.0ms)


Started GET "/" for ::1 at 2016-04-07 17:38:04 +0900
Processing by ApplicationController#hello as HTML
  Rendered text template (0.0ms)
Completed 200 OK in 17ms (Views: 7.9ms | ActiveRecord: 0.0ms)
  [1m[36m (1.0ms)[0m  [1mCREATE TABLE "schema_migrations" ("version" varchar NOT NULL) [0m
  [1m[35m (0.1ms)[0m  select sqlite_version(*)
  [1m[36m (0.9ms)[0m  [1mCREATE UNIQUE INDEX "unique_schema_migrations" ON "schema_migrations" ("version")[0m
  [1m[35mActiveRecord::SchemaMigration Load (0.1ms)[0m  SELECT "schema_migrations".* FROM "schema_migrations"
Migrating to CreateUsers (20160408083702)
  [1m[36m (0.1ms)[0m  [1mbegin transaction[0m
  [1m[35m (0.4ms)[0m  CREATE TABLE "users" ("id" INTEGER PRIMARY KEY AUTOINCREMENT NOT NULL, "name" varchar, "email" varchar, "created_at" datetime NOT NULL, "updated_at" datetime NOT NULL) 
  [1m[36mSQL (0.2ms)[0m  [1mINSERT INTO "schema_migrations" ("version") VALUES (?)[0m  [["version", "20160408083702"]]
  [1m[35m (1.1ms)[0m  commit transaction
  [1m[36mActiveRecord::SchemaMigration Load (0.1ms)[0m  [1mSELECT "schema_migrations".* FROM "schema_migrations"[0m
